<?xml version="1.0" encoding="UTF-8"?>
<testng-results ignored="0" total="13" passed="13" failed="0" skipped="0">
  <reporter-output>
  </reporter-output>
  <suite started-at="2021-10-13T18:42:58 IST" name="Surefire suite" finished-at="2021-10-13T18:46:19 IST" duration-ms="200772">
    <groups>
      <group name="cucumber">
        <method signature="AbstractTestNGCucumberTests.runScenario(io.cucumber.testng.PickleWrapper,io.cucumber.testng.FeatureWrapper)[pri:0, instance:MyRunner.TestRunner@36fc695d]" name="runScenario" class="io.cucumber.testng.AbstractTestNGCucumberTests"/>
      </group> <!-- cucumber -->
    </groups>
    <test started-at="2021-10-13T18:42:58 IST" name="Surefire test" finished-at="2021-10-13T18:46:19 IST" duration-ms="200772">
      <class name="MyRunner.TestRunner">
        <test-method is-config="true" signature="setUpClass()[pri:0, instance:MyRunner.TestRunner@36fc695d]" started-at="2021-10-13T18:42:58 IST" name="setUpClass" finished-at="2021-10-13T18:42:59 IST" duration-ms="714" status="PASS">
          <reporter-output>
          </reporter-output>
        </test-method> <!-- setUpClass -->
        <test-method signature="runScenario(io.cucumber.testng.PickleWrapper,io.cucumber.testng.FeatureWrapper)[pri:0, instance:MyRunner.TestRunner@36fc695d]" started-at="2021-10-13T18:42:59 IST" name="runScenario" description="Runs Cucumber Scenarios" data-provider="scenarios" finished-at="2021-10-13T18:43:07 IST" duration-ms="8222" status="PASS">
          <params>
            <param index="0">
              <value>
                <![CDATA["User should move from DemoWebShop page to Registration page"]]>
              </value>
            </param>
            <param index="1">
              <value>
                <![CDATA["Optional[DemoWebShop Registraion process]"]]>
              </value>
            </param>
          </params>
          <reporter-output>
          </reporter-output>
        </test-method> <!-- runScenario -->
        <test-method signature="runScenario(io.cucumber.testng.PickleWrapper,io.cucumber.testng.FeatureWrapper)[pri:0, instance:MyRunner.TestRunner@36fc695d]" started-at="2021-10-13T18:43:07 IST" name="runScenario" description="Runs Cucumber Scenarios" data-provider="scenarios" finished-at="2021-10-13T18:43:21 IST" duration-ms="14324" status="PASS">
          <params>
            <param index="0">
              <value>
                <![CDATA["Test Registration process with Valid credintials"]]>
              </value>
            </param>
            <param index="1">
              <value>
                <![CDATA["Optional[DemoWebShop Registraion process]"]]>
              </value>
            </param>
          </params>
          <reporter-output>
          </reporter-output>
        </test-method> <!-- runScenario -->
        <test-method signature="runScenario(io.cucumber.testng.PickleWrapper,io.cucumber.testng.FeatureWrapper)[pri:0, instance:MyRunner.TestRunner@36fc695d]" started-at="2021-10-13T18:43:21 IST" name="runScenario" description="Runs Cucumber Scenarios" data-provider="scenarios" finished-at="2021-10-13T18:43:30 IST" duration-ms="9085" status="PASS">
          <params>
            <param index="0">
              <value>
                <![CDATA["Test Registration process with inValid credintials"]]>
              </value>
            </param>
            <param index="1">
              <value>
                <![CDATA["Optional[DemoWebShop Registraion process]"]]>
              </value>
            </param>
          </params>
          <reporter-output>
          </reporter-output>
        </test-method> <!-- runScenario -->
        <test-method signature="runScenario(io.cucumber.testng.PickleWrapper,io.cucumber.testng.FeatureWrapper)[pri:0, instance:MyRunner.TestRunner@36fc695d]" started-at="2021-10-13T18:43:30 IST" name="runScenario" description="Runs Cucumber Scenarios" data-provider="scenarios" finished-at="2021-10-13T18:43:39 IST" duration-ms="8857" status="PASS">
          <params>
            <param index="0">
              <value>
                <![CDATA["Test User Login with Valid Credentials"]]>
              </value>
            </param>
            <param index="1">
              <value>
                <![CDATA["Optional[Login Functionality on Demo Web Page]"]]>
              </value>
            </param>
          </params>
          <reporter-output>
          </reporter-output>
        </test-method> <!-- runScenario -->
        <test-method signature="runScenario(io.cucumber.testng.PickleWrapper,io.cucumber.testng.FeatureWrapper)[pri:0, instance:MyRunner.TestRunner@36fc695d]" started-at="2021-10-13T18:43:39 IST" name="runScenario" description="Runs Cucumber Scenarios" data-provider="scenarios" finished-at="2021-10-13T18:43:52 IST" duration-ms="12517" status="PASS">
          <params>
            <param index="0">
              <value>
                <![CDATA["Test User Login with InValid Credentials"]]>
              </value>
            </param>
            <param index="1">
              <value>
                <![CDATA["Optional[Login Functionality on Demo Web Page]"]]>
              </value>
            </param>
          </params>
          <reporter-output>
          </reporter-output>
        </test-method> <!-- runScenario -->
        <test-method signature="runScenario(io.cucumber.testng.PickleWrapper,io.cucumber.testng.FeatureWrapper)[pri:0, instance:MyRunner.TestRunner@36fc695d]" started-at="2021-10-13T18:43:52 IST" name="runScenario" description="Runs Cucumber Scenarios" data-provider="scenarios" finished-at="2021-10-13T18:44:08 IST" duration-ms="16341" status="PASS">
          <params>
            <param index="0">
              <value>
                <![CDATA["Test to validate Add to Cart functionality"]]>
              </value>
            </param>
            <param index="1">
              <value>
                <![CDATA["Optional[Test item Search and Add Functionality on Demo Web Page]"]]>
              </value>
            </param>
          </params>
          <reporter-output>
          </reporter-output>
        </test-method> <!-- runScenario -->
        <test-method signature="runScenario(io.cucumber.testng.PickleWrapper,io.cucumber.testng.FeatureWrapper)[pri:0, instance:MyRunner.TestRunner@36fc695d]" started-at="2021-10-13T18:44:08 IST" name="runScenario" description="Runs Cucumber Scenarios" data-provider="scenarios" finished-at="2021-10-13T18:44:27 IST" duration-ms="19048" status="PASS">
          <params>
            <param index="0">
              <value>
                <![CDATA["Test to validate Add to Cart functionality"]]>
              </value>
            </param>
            <param index="1">
              <value>
                <![CDATA["Optional[Test item Search and Add Functionality on Demo Web Page]"]]>
              </value>
            </param>
          </params>
          <reporter-output>
          </reporter-output>
        </test-method> <!-- runScenario -->
        <test-method signature="runScenario(io.cucumber.testng.PickleWrapper,io.cucumber.testng.FeatureWrapper)[pri:0, instance:MyRunner.TestRunner@36fc695d]" started-at="2021-10-13T18:44:27 IST" name="runScenario" description="Runs Cucumber Scenarios" data-provider="scenarios" finished-at="2021-10-13T18:44:43 IST" duration-ms="15682" status="PASS">
          <params>
            <param index="0">
              <value>
                <![CDATA["Test to validate Add to Cart functionality"]]>
              </value>
            </param>
            <param index="1">
              <value>
                <![CDATA["Optional[Test item Search and Add Functionality on Demo Web Page]"]]>
              </value>
            </param>
          </params>
          <reporter-output>
          </reporter-output>
        </test-method> <!-- runScenario -->
        <test-method signature="runScenario(io.cucumber.testng.PickleWrapper,io.cucumber.testng.FeatureWrapper)[pri:0, instance:MyRunner.TestRunner@36fc695d]" started-at="2021-10-13T18:44:43 IST" name="runScenario" description="Runs Cucumber Scenarios" data-provider="scenarios" finished-at="2021-10-13T18:44:57 IST" duration-ms="14707" status="PASS">
          <params>
            <param index="0">
              <value>
                <![CDATA["Test to validate Add to Cart functionality"]]>
              </value>
            </param>
            <param index="1">
              <value>
                <![CDATA["Optional[Test item Search and Add Functionality on Demo Web Page]"]]>
              </value>
            </param>
          </params>
          <reporter-output>
          </reporter-output>
        </test-method> <!-- runScenario -->
        <test-method signature="runScenario(io.cucumber.testng.PickleWrapper,io.cucumber.testng.FeatureWrapper)[pri:0, instance:MyRunner.TestRunner@36fc695d]" started-at="2021-10-13T18:44:57 IST" name="runScenario" description="Runs Cucumber Scenarios" data-provider="scenarios" finished-at="2021-10-13T18:45:14 IST" duration-ms="16972" status="PASS">
          <params>
            <param index="0">
              <value>
                <![CDATA["Test for Verifying ShoppingCart Removing Update"]]>
              </value>
            </param>
            <param index="1">
              <value>
                <![CDATA["Optional[Test the Update Functionality of added product on Demo Web Page]"]]>
              </value>
            </param>
          </params>
          <reporter-output>
          </reporter-output>
        </test-method> <!-- runScenario -->
        <test-method signature="runScenario(io.cucumber.testng.PickleWrapper,io.cucumber.testng.FeatureWrapper)[pri:0, instance:MyRunner.TestRunner@36fc695d]" started-at="2021-10-13T18:45:14 IST" name="runScenario" description="Runs Cucumber Scenarios" data-provider="scenarios" finished-at="2021-10-13T18:45:30 IST" duration-ms="15285" status="PASS">
          <params>
            <param index="0">
              <value>
                <![CDATA["Test for Verifying ShoppingCart AddQuantity Update"]]>
              </value>
            </param>
            <param index="1">
              <value>
                <![CDATA["Optional[Test the Update Functionality of added product on Demo Web Page]"]]>
              </value>
            </param>
          </params>
          <reporter-output>
          </reporter-output>
        </test-method> <!-- runScenario -->
        <test-method signature="runScenario(io.cucumber.testng.PickleWrapper,io.cucumber.testng.FeatureWrapper)[pri:0, instance:MyRunner.TestRunner@36fc695d]" started-at="2021-10-13T18:45:30 IST" name="runScenario" description="Runs Cucumber Scenarios" data-provider="scenarios" finished-at="2021-10-13T18:45:41 IST" duration-ms="11724" status="PASS">
          <params>
            <param index="0">
              <value>
                <![CDATA[""]]>
              </value>
            </param>
            <param index="1">
              <value>
                <![CDATA["Optional[Test Checkout functionality of an item]"]]>
              </value>
            </param>
          </params>
          <reporter-output>
          </reporter-output>
        </test-method> <!-- runScenario -->
        <test-method signature="runScenario(io.cucumber.testng.PickleWrapper,io.cucumber.testng.FeatureWrapper)[pri:0, instance:MyRunner.TestRunner@36fc695d]" started-at="2021-10-13T18:45:41 IST" name="runScenario" description="Runs Cucumber Scenarios" data-provider="scenarios" finished-at="2021-10-13T18:46:18 IST" duration-ms="37084" status="PASS">
          <params>
            <param index="0">
              <value>
                <![CDATA["User to enter billing details"]]>
              </value>
            </param>
            <param index="1">
              <value>
                <![CDATA["Optional[Test Billing Functionality of Demo WebPage]"]]>
              </value>
            </param>
          </params>
          <reporter-output>
          </reporter-output>
        </test-method> <!-- runScenario -->
        <test-method is-config="true" signature="tearDownClass()[pri:0, instance:MyRunner.TestRunner@36fc695d]" started-at="2021-10-13T18:46:18 IST" name="tearDownClass" finished-at="2021-10-13T18:46:19 IST" duration-ms="152" status="PASS">
          <reporter-output>
          </reporter-output>
        </test-method> <!-- tearDownClass -->
      </class> <!-- MyRunner.TestRunner -->
    </test> <!-- Surefire test -->
  </suite> <!-- Surefire suite -->
</testng-results>
